<?xml version="1.0" encoding="UTF-8"?>
<!-- Generated by org.testng.reporters.JUnitReportReporter -->
<testsuite hostname="DESKTOP-FA2C0FE" failures="0" tests="4" name="testNG.TestNG_Descritpion" time="13.651" errors="0" timestamp="2022-07-29T05:57:14 PDT" skipped="2">
  <testcase classname="testNG.TestNG_Descritpion" name="testcase_5" time="4.288"/>
  <system-out/>
  <testcase classname="testNG.TestNG_Descritpion" name="testCase_2" time="9.363"/>
  <system-out/>
  <testcase classname="testNG.TestNG_Descritpion" name="testcase_4">
    <skipped/>
  </testcase> <!-- testcase_4 -->
  <system-out/>
  <testcase classname="testNG.TestNG_Descritpion" name="testCase_1">
    <skipped/>
  </testcase> <!-- testCase_1 -->
  <system-out/>
</testsuite> <!-- testNG.TestNG_Descritpion -->
