<?xml version="1.0" encoding="UTF-8"?>
<!-- Generated by org.testng.reporters.JUnitReportReporter -->
<testsuite hostname="DESKTOP-FA2C0FE" failures="0" tests="1" name="log4j.Lg4j_Demo" time="32.207" errors="0" timestamp="2022-08-11T08:16:13 PDT" skipped="0">
  <testcase classname="log4j.Lg4j_Demo" name="lon4jLaunch" time="32.207"/>
  <system-out/>
</testsuite> <!-- log4j.Lg4j_Demo -->
