<?xml version="1.0" encoding="UTF-8"?>
<!-- Generated by org.testng.reporters.JUnitReportReporter -->
<testsuite hostname="DESKTOP-FA2C0FE" failures="0" tests="2" name="testNG.TestNG_dependsOnMethods" time="12.903" errors="0" timestamp="2022-07-28T05:12:59 PDT" skipped="0">
  <testcase classname="testNG.TestNG_dependsOnMethods" name="method2" time="6.156"/>
  <system-out/>
  <testcase classname="testNG.TestNG_dependsOnMethods" name="method1" time="6.747"/>
  <system-out/>
</testsuite> <!-- testNG.TestNG_dependsOnMethods -->
