<?xml version="1.0" encoding="UTF-8"?>
<!-- Generated by org.testng.reporters.JUnitReportReporter -->
<testsuite hostname="DESKTOP-FA2C0FE" failures="0" tests="1" name="screenshot.TakeScreenShort" time="15.553" errors="0" timestamp="2022-08-11T01:01:28 PDT" skipped="0">
  <testcase classname="screenshot.TakeScreenShort" name="Screenshort" time="15.553"/>
  <system-out/>
</testsuite> <!-- screenshot.TakeScreenShort -->
