<?xml version="1.0" encoding="UTF-8"?>
<!-- Generated by org.testng.reporters.JUnitReportReporter -->
<testsuite hostname="DESKTOP-FA2C0FE" failures="0" tests="1" name="assertions.Assertions_Demo" time="11.257" errors="0" timestamp="2022-08-12T01:17:00 PDT" skipped="0">
  <testcase classname="assertions.Assertions_Demo" name="verifyCurrentURL" time="11.257"/>
  <system-out/>
</testsuite> <!-- assertions.Assertions_Demo -->
