<?xml version="1.0" encoding="UTF-8"?>
<!-- Generated by org.testng.reporters.JUnitReportReporter -->
<testsuite hostname="DESKTOP-FA2C0FE" failures="0" tests="5" name="testNG.TestNG_Enabled_false_True" time="92.581" errors="0" timestamp="2022-07-28T03:11:53 PDT" skipped="2">
  <testcase classname="testNG.TestNG_Enabled_false_True" name="twitter" time="52.803"/>
  <system-out/>
  <testcase classname="testNG.TestNG_Enabled_false_True" name="flipkart" time="26.064"/>
  <system-out/>
  <testcase classname="testNG.TestNG_Enabled_false_True" name="google" time="13.714"/>
  <system-out/>
  <testcase classname="testNG.TestNG_Enabled_false_True" name="selenium">
    <skipped/>
  </testcase> <!-- selenium -->
  <system-out/>
  <testcase classname="testNG.TestNG_Enabled_false_True" name="facebook">
    <skipped/>
  </testcase> <!-- facebook -->
  <system-out/>
</testsuite> <!-- testNG.TestNG_Enabled_false_True -->
