<?xml version="1.0" encoding="UTF-8"?>
<!-- Generated by org.testng.reporters.JUnitReportReporter -->
<testsuite hostname="DESKTOP-FA2C0FE" failures="0" tests="1" name="selectdropdown.DragAndDrop" time="6.107" errors="0" timestamp="2022-08-02T23:11:23 PDT" skipped="0">
  <testcase classname="selectdropdown.DragAndDrop" name="draganddrop" time="6.107"/>
  <system-out/>
</testsuite> <!-- selectdropdown.DragAndDrop -->
