<?xml version="1.0" encoding="UTF-8"?>
<!-- Generated by org.testng.reporters.JUnitReportReporter -->
<testsuite hostname="DESKTOP-FA2C0FE" failures="0" tests="1" name="selectdropdown.AlertCancel_Button" time="4.513" errors="0" timestamp="2022-08-03T23:39:27 PDT" skipped="0">
  <testcase classname="selectdropdown.AlertCancel_Button" name="cancelButton" time="4.513"/>
  <system-out/>
</testsuite> <!-- selectdropdown.AlertCancel_Button -->
