<?xml version="1.0" encoding="UTF-8"?>
<!-- Generated by org.testng.reporters.JUnitReportReporter -->
<testsuite hostname="DESKTOP-FA2C0FE" failures="0" tests="1" name="selectdropdown.DoubleClick" time="17.535" errors="0" timestamp="2022-08-02T23:31:34 PDT" skipped="0">
  <testcase classname="selectdropdown.DoubleClick" name="doubleclick" time="17.535"/>
  <system-out/>
</testsuite> <!-- selectdropdown.DoubleClick -->
