<?xml version="1.0" encoding="UTF-8"?>
<!-- Generated by org.testng.reporters.JUnitReportReporter -->
<testsuite hostname="DESKTOP-FA2C0FE" failures="0" tests="3" name="testNG.TestNG_Groups" time="9.511" errors="0" timestamp="2022-07-29T05:55:20 PDT" skipped="0">
  <testcase classname="testNG.TestNG_Groups" name="twitter" time="2.189"/>
  <system-out/>
  <testcase classname="testNG.TestNG_Groups" name="google" time="2.208"/>
  <system-out/>
  <testcase classname="testNG.TestNG_Groups" name="selenium" time="5.114"/>
  <system-out/>
</testsuite> <!-- testNG.TestNG_Groups -->
