<?xml version="1.0" encoding="UTF-8"?>
<!-- Generated by org.testng.reporters.JUnitReportReporter -->
<testsuite hostname="DESKTOP-FA2C0FE" failures="0" tests="2" name="testNG.TestNG_Annotation" time="0.021" errors="0" timestamp="2022-07-28T00:22:38 PDT" skipped="0">
  <testcase classname="testNG.TestNG_Annotation" name="testCase2" time="0.008"/>
  <system-out/>
  <testcase classname="testNG.TestNG_Annotation" name="testCase1" time="0.013"/>
  <system-out/>
</testsuite> <!-- testNG.TestNG_Annotation -->
