<?xml version="1.0" encoding="UTF-8"?>
<!-- Generated by org.testng.reporters.JUnitReportReporter -->
<testsuite hostname="DESKTOP-FA2C0FE" failures="0" tests="2" name="selectdropdown.ScrollUP" time="15.088" errors="0" timestamp="2022-08-03T23:25:15 PDT" skipped="0">
  <testcase classname="selectdropdown.ScrollUP" name="scrollup" time="3.337"/>
  <system-out/>
  <testcase classname="selectdropdown.ScrollUP" name="scrolldown" time="11.751"/>
  <system-out/>
</testsuite> <!-- selectdropdown.ScrollUP -->
