<?xml version="1.0" encoding="UTF-8"?>
<!-- Generated by org.testng.reporters.JUnitReportReporter -->
<testsuite hostname="DESKTOP-FA2C0FE" failures="0" tests="1" name="selectdropdown.Prompt_DialogBox" time="4.560" errors="0" timestamp="2022-08-04T12:26:23 PDT" skipped="0">
  <testcase classname="selectdropdown.Prompt_DialogBox" name="textEnterandOKButton" time="4.560"/>
  <system-out/>
</testsuite> <!-- selectdropdown.Prompt_DialogBox -->
