<?xml version="1.0" encoding="UTF-8"?>
<!-- Generated by org.testng.reporters.JUnitReportReporter -->
<testsuite hostname="DESKTOP-FA2C0FE" failures="0" tests="5" name="testNG.Test_AlphabeticalOrder" time="23.911" errors="0" timestamp="2022-07-28T01:45:29 PDT" skipped="0">
  <testcase classname="testNG.Test_AlphabeticalOrder" name="twitter" time="2.907"/>
  <system-out/>
  <testcase classname="testNG.Test_AlphabeticalOrder" name="google" time="5.127"/>
  <system-out/>
  <testcase classname="testNG.Test_AlphabeticalOrder" name="facebook" time="3.625"/>
  <system-out/>
  <testcase classname="testNG.Test_AlphabeticalOrder" name="selenium" time="7.494"/>
  <system-out/>
  <testcase classname="testNG.Test_AlphabeticalOrder" name="flipkart" time="4.758"/>
  <system-out/>
</testsuite> <!-- testNG.Test_AlphabeticalOrder -->
