<?xml version="1.0" encoding="UTF-8"?>
<!-- Generated by org.testng.reporters.JUnitReportReporter -->
<testsuite hostname="DESKTOP-FA2C0FE" failures="0" tests="1" name="selectdropdown.MouseHover" time="8.880" errors="0" timestamp="2022-08-03T00:03:38 PDT" skipped="0">
  <testcase classname="selectdropdown.MouseHover" name="mouseover" time="8.880"/>
  <system-out/>
</testsuite> <!-- selectdropdown.MouseHover -->
