<?xml version="1.0" encoding="UTF-8"?>
<!-- Generated by org.testng.reporters.JUnitReportReporter -->
<testsuite hostname="DESKTOP-FA2C0FE" failures="0" tests="1" name="log4j.Log4jDemo" time="54.927" errors="0" timestamp="2022-08-10T22:07:05 PDT" skipped="0">
  <testcase classname="log4j.Log4jDemo" name="Log4jLanch" time="54.927"/>
  <system-out/>
</testsuite> <!-- log4j.Log4jDemo -->
