<?xml version="1.0" encoding="UTF-8"?>
<!-- Generated by org.testng.reporters.JUnitReportReporter -->
<testsuite hostname="DESKTOP-FA2C0FE" failures="0" tests="1" name="selectdropdown.Alert_OkButton" time="2.560" errors="0" timestamp="2022-08-02T01:14:18 PDT" skipped="0">
  <testcase classname="selectdropdown.Alert_OkButton" name="alertOK" time="2.560"/>
  <system-out/>
</testsuite> <!-- selectdropdown.Alert_OkButton -->
