<?xml version="1.0" encoding="UTF-8"?>
<!-- Generated by org.testng.reporters.JUnitReportReporter -->
<testsuite hostname="DESKTOP-FA2C0FE" failures="0" tests="1" name="balaBarathi.Balabarath_Registers" time="18.620" errors="0" timestamp="2022-08-11T08:51:35 PDT" skipped="0">
  <testcase classname="balaBarathi.Balabarath_Registers" name="Lanch" time="18.620"/>
  <system-out/>
</testsuite> <!-- balaBarathi.Balabarath_Registers -->
