<?xml version="1.0" encoding="UTF-8"?>
<!-- Generated by org.testng.reporters.JUnitReportReporter -->
<testsuite hostname="DESKTOP-FA2C0FE" failures="0" tests="1" name="selectdropdown.DropDown_values" time="2.495" errors="0" timestamp="2022-08-10T23:31:05 PDT" skipped="0">
  <testcase classname="selectdropdown.DropDown_values" name="dropdownselect" time="2.495"/>
  <system-out/>
</testsuite> <!-- selectdropdown.DropDown_values -->
