<?xml version="1.0" encoding="UTF-8"?>
<!-- Generated by org.testng.reporters.JUnitReportReporter -->
<testsuite hostname="DESKTOP-FA2C0FE" failures="0" tests="1" name="selectdropdown.GetText_Method" time="0.095" errors="0" timestamp="2022-08-02T00:18:29 PDT" skipped="0">
  <testcase classname="selectdropdown.GetText_Method" name="getText" time="0.095"/>
  <system-out/>
</testsuite> <!-- selectdropdown.GetText_Method -->
