<?xml version="1.0" encoding="UTF-8"?>
<!-- Generated by org.testng.reporters.JUnitReportReporter -->
<testsuite hostname="DESKTOP-FA2C0FE" failures="0" tests="5" name="testNG.TestNG_priority" time="20.710" errors="0" timestamp="2022-07-28T07:14:28 PDT" skipped="0">
  <testcase classname="testNG.TestNG_priority" name="flipkart" time="3.494"/>
  <system-out/>
  <testcase classname="testNG.TestNG_priority" name="twitter" time="4.699"/>
  <system-out/>
  <testcase classname="testNG.TestNG_priority" name="google" time="1.787"/>
  <system-out/>
  <testcase classname="testNG.TestNG_priority" name="selenium" time="2.964"/>
  <system-out/>
  <testcase classname="testNG.TestNG_priority" name="facebook" time="7.766"/>
  <system-out/>
</testsuite> <!-- testNG.TestNG_priority -->
